<?xml version="1.0" encoding="UTF-8" ?>
<testsuites>
  <testsuite errors="0" failures="0" hostname="CCHL-829706a" id="0" name="FoodTests" package="com.summitbid.coach" tests="1" time="0.042" timestamp="2011-09-06T11:54:16">
      <properties />

      <testcase classname="com.summitbid.coach.FoodTests" name="testSomething" time="0.042" />

      <system-out><![CDATA[--Output from testSomething--
]]></system-out>

      <system-err><![CDATA[--Output from testSomething--
]]></system-err>

  </testsuite>
</testsuites>
